> Task :checkKotlinGradlePluginConfigurationErrors
> Task :processResources UP-TO-DATE
> Task :check

> Task :compileKotlin FAILED
e: file:///C:/Users/FORYOUCOM/.gemini/antigravity/scratch/creativeai-backend/src/main/kotlin/com/creativeai/adapter/input/web/AvatarController.kt:97:12 Redeclaration: ApiResponse
e: file:///C:/Users/FORYOUCOM/.gemini/antigravity/scratch/creativeai-backend/src/main/kotlin/com/creativeai/adapter/input/web/EmojiController.kt:102:12 Redeclaration: ApiResponse

FAILURE: Build failed with an exception.

* What went wrong:
Execution failed for task ':compileKotlin'.
> A failure occurred while executing org.jetbrains.kotlin.compilerRunner.GradleCompilerRunnerWithWorkers$GradleKotlinCompilerWorkAction
   > Compilation error. See log for more details

* Try:
> Run with --stacktrace option to get the stack trace.
> Run with --info or --debug option to get more log output.
> Run with --scan to get full insights.
> Get more help at https://help.gradle.org.

BUILD FAILED in 2s
3 actionable tasks: 2 executed, 1 up-to-date
